2026-04-02 21:32:57 | INFO | CI | === RUN START ===
2026-04-02 21:32:57 | INFO | CI | project=Module 5: EVTL PIPELINE - WEB DOCUMENTS (HTML)
2026-04-02 21:32:57 | INFO | CI | repo_dir=nlp-05-web-documents
2026-04-02 21:32:57 | INFO | CI | python=3.14.3
2026-04-02 21:32:57 | INFO | CI | os=Windows 11
2026-04-02 21:32:57 | INFO | CI | shell=powershell
2026-04-02 21:32:57 | INFO | CI | cwd=.
2026-04-02 21:32:57 | INFO | CI | github_actions=False
2026-04-02 21:32:57 | INFO | CI | START PIPELINE
2026-04-02 21:32:57 | INFO | CI | ROOT_PATH = .
2026-04-02 21:32:57 | INFO | CI | DATA_PATH = data
2026-04-02 21:32:57 | INFO | CI | RAW_PATH = data\raw
2026-04-02 21:32:57 | INFO | CI | PROCESSED_PATH = data\processed
2026-04-02 21:32:57 | INFO | CI | ========================
2026-04-02 21:32:57 | INFO | CI | STAGE 01: EXTRACT starting... 
2026-04-02 21:32:57 | INFO | CI | ========================
2026-04-02 21:32:57 | INFO | CI | EXTRACT: Fetching HTML from https://arxiv.org/abs/2602.20021
2026-04-02 21:32:57 | INFO | CI | SOURCE URL = https://arxiv.org/abs/2602.20021
2026-04-02 21:32:57 | INFO | CI | SINK PATH = data\raw\case_raw.html
2026-04-02 21:32:57 | INFO | CI | ========================
2026-04-02 21:32:57 | INFO | CI | STAGE 02: VALIDATE starting...
2026-04-02 21:32:57 | INFO | CI | ========================
2026-04-02 21:32:57 | INFO | CI | HTML STRUCTURE INSPECTION:
2026-04-02 21:32:57 | INFO | CI | Top-level type: BeautifulSoup
2026-04-02 21:32:57 | INFO | CI | Top-level elements: ['html']
2026-04-02 21:32:57 | INFO | CI | VALIDATE: Title found: True
2026-04-02 21:32:57 | INFO | CI | VALIDATE: Authors found: True
2026-04-02 21:32:57 | INFO | CI | VALIDATE: Abstract found: True
2026-04-02 21:32:57 | INFO | CI | VALIDATE: Subjects found: True
2026-04-02 21:32:57 | INFO | CI | VALIDATE: Dateline found: True
2026-04-02 21:32:57 | INFO | CI | VALIDATE: HTML structure is valid.
2026-04-02 21:32:57 | INFO | CI | Sink: validated BeautifulSoup object
2026-04-02 21:32:57 | INFO | CI | ========================
2026-04-02 21:32:57 | INFO | CI | STAGE 03: TRANSFORM starting...
2026-04-02 21:32:57 | INFO | CI | ========================
2026-04-02 21:32:57 | INFO | CI | Extracting metadata from HTML
2026-04-02 21:32:57 | INFO | CI | We must manually inspect the HTML structure to identify the fields we want to extract.
2026-04-02 21:32:57 | INFO | CI | For this arXiv page, we can extract:
- Title from <h1 class='title'>
- Authors from <div class='authors'>
- Abstract from <blockquote class='abstract'>
- Primary subject from <div class='subheader'>
- Submission date from <div class='dateline'>
- ArXiv ID from canonical link
2026-04-02 21:32:57 | INFO | CI | Replace any missing content with `unknown` to ensure all are strings.
2026-04-02 21:32:57 | INFO | CI | ========================
2026-04-02 21:32:57 | INFO | CI | STAGE 03a: Extract bibliographic fields (title, authors, abstract)
2026-04-02 21:32:57 | INFO | CI | ========================
2026-04-02 21:32:57 | INFO | CI | Extracted title: Agents of Chaos
2026-04-02 21:32:57 | INFO | CI | Extracted authors: Natalie Shapira, Chris Wendler, Avery Yen, Gabriele Sarti, Koyena Pal, Olivia Floody, Adam Belfki, Alex Loftus, Aditya Ratan Jannali, Nikhil Prakash, Jasmine Cui, Giordano Rogers, Jannik Brinkmann, Can Rager, Amir Zur, Michael Ripa, Aruna Sankaranarayanan, David Atkinson, Rohit Gandikota, Jaden Fiotto-Kaufman, EunJeong Hwang, Hadas Orgad, P Sam Sahil, Negev Taglicht, Tomer Shabtay, Atai Ambus, Nitay Alon, Shiri Oron, Ayelet Gordon-Tapiero, Yotam Kaplan, Vered Shwartz, Tamar Rott Shaham, Christoph Riedl, Reuth Mirsky, Maarten Sap, David Manheim, Tomer Ullman, David Bau
2026-04-02 21:32:57 | INFO | CI | Extracted abstract: We report an exploratory red-teaming study of autonomous language-model-powered agents deployed in a...
2026-04-02 21:32:57 | INFO | CI | ========================
2026-04-02 21:32:57 | INFO | CI | STAGE 03b: Extract metadata field subjects from subheader
2026-04-02 21:32:57 | INFO | CI | ========================
2026-04-02 21:32:57 | INFO | CI | Extracted subjects: Computer Science > Artificial Intelligence
2026-04-02 21:32:57 | INFO | CI | ========================
2026-04-02 21:32:57 | INFO | CI | STAGE 03c: Extract metadata field date from dateline
2026-04-02 21:32:57 | INFO | CI | ========================
2026-04-02 21:32:57 | INFO | CI | Extracted submitted: [Submitted on 23 Feb 2026]
2026-04-02 21:32:57 | INFO | CI | ========================
2026-04-02 21:32:57 | INFO | CI | STAGE 03d: Extract metadata field arxiv_id from canonical link
2026-04-02 21:32:57 | INFO | CI | ========================
2026-04-02 21:32:57 | INFO | CI | Extracted arxiv_id: 2602.20021
2026-04-02 21:32:57 | INFO | CI | ========================
2026-04-02 21:32:57 | INFO | CI | STAGE 03e: Calculate derived fields
2026-04-02 21:32:57 | INFO | CI | ========================
2026-04-02 21:32:57 | INFO | CI | Calculated abstract word count: 177
2026-04-02 21:32:57 | INFO | CI | Calculated author count: 38
2026-04-02 21:32:57 | INFO | CI | ========================
2026-04-02 21:32:57 | INFO | CI | STAGE 03f: Build record and create DataFrame
2026-04-02 21:32:57 | INFO | CI | ========================
2026-04-02 21:32:57 | INFO | CI | Created DataFrame with 1 row and 8 columns
2026-04-02 21:32:57 | INFO | CI | Columns: ['arxiv_id', 'title', 'authors', 'subjects', 'submitted', 'abstract', 'abstract_word_count', 'author_count']
2026-04-02 21:32:57 | INFO | CI | DataFrame Details
2026-04-02 21:32:57 | INFO | CI |   Title: Agents of Chaos
2026-04-02 21:32:57 | INFO | CI |   Author count: 38
2026-04-02 21:32:57 | INFO | CI |   Abstract word count: 177
2026-04-02 21:32:57 | INFO | CI |   DataFrame preview:
     arxiv_id            title  ... abstract_word_count author_count
0  2602.20021  Agents of Chaos  ...                 177           38

[1 rows x 8 columns]
2026-04-02 21:32:57 | INFO | CI | Sink: Pandas DataFrame created
2026-04-02 21:32:57 | INFO | CI | Transformation complete.
2026-04-02 21:32:57 | INFO | CI | ========================
2026-04-02 21:32:57 | INFO | CI | STAGE 04: LOAD starting...
2026-04-02 21:32:57 | INFO | CI | ========================
2026-04-02 21:32:57 | INFO | CI | SINK PATH = data\processed\case_processed.csv
2026-04-02 21:32:57 | INFO | CI | ========================
2026-04-02 21:32:57 | INFO | CI | Pipeline executed successfully!
2026-04-02 21:32:57 | INFO | CI | ========================
2026-04-02 21:48:23 | INFO | CI | === RUN START ===
2026-04-02 21:48:23 | INFO | CI | project=Module 5: EVTL PIPELINE - WEB DOCUMENTS (HTML)
2026-04-02 21:48:23 | INFO | CI | repo_dir=nlp-05-web-documents
2026-04-02 21:48:23 | INFO | CI | python=3.14.3
2026-04-02 21:48:23 | INFO | CI | os=Windows 11
2026-04-02 21:48:23 | INFO | CI | shell=powershell
2026-04-02 21:48:23 | INFO | CI | cwd=.
2026-04-02 21:48:23 | INFO | CI | github_actions=False
2026-04-02 21:48:23 | INFO | CI | START PIPELINE
2026-04-02 21:48:23 | INFO | CI | ROOT_PATH = .
2026-04-02 21:48:23 | INFO | CI | DATA_PATH = data
2026-04-02 21:48:23 | INFO | CI | RAW_PATH = data\raw
2026-04-02 21:48:23 | INFO | CI | PROCESSED_PATH = data\processed
2026-04-02 21:48:23 | INFO | CI | ========================
2026-04-02 21:48:23 | INFO | CI | STAGE 01: EXTRACT starting... 
2026-04-02 21:48:23 | INFO | CI | ========================
2026-04-02 21:48:23 | INFO | CI | EXTRACT: Fetching HTML from https://arxiv.org/abs/2602.20021
2026-04-02 21:48:23 | INFO | CI | SOURCE URL = https://arxiv.org/abs/2602.20021
2026-04-02 21:48:23 | INFO | CI | SINK PATH = data\raw\case_raw.html
2026-04-02 21:48:23 | INFO | CI | ========================
2026-04-02 21:48:23 | INFO | CI | STAGE 02: VALIDATE starting...
2026-04-02 21:48:23 | INFO | CI | ========================
2026-04-02 21:48:23 | INFO | CI | HTML STRUCTURE INSPECTION:
2026-04-02 21:48:23 | INFO | CI | Top-level type: BeautifulSoup
2026-04-02 21:48:23 | INFO | CI | Top-level elements: ['html']
2026-04-02 21:48:23 | INFO | CI | VALIDATE: Title found: True
2026-04-02 21:48:23 | INFO | CI | VALIDATE: Authors found: True
2026-04-02 21:48:23 | INFO | CI | VALIDATE: Abstract found: True
2026-04-02 21:48:23 | INFO | CI | VALIDATE: Subjects found: True
2026-04-02 21:48:23 | INFO | CI | VALIDATE: Dateline found: True
2026-04-02 21:48:23 | INFO | CI | VALIDATE: HTML structure is valid.
2026-04-02 21:48:23 | INFO | CI | Sink: validated BeautifulSoup object
2026-04-02 21:48:23 | INFO | CI | ========================
2026-04-02 21:48:23 | INFO | CI | STAGE 03: TRANSFORM starting...
2026-04-02 21:48:23 | INFO | CI | ========================
2026-04-02 21:48:23 | INFO | CI | Extracting metadata from HTML
2026-04-02 21:48:23 | INFO | CI | We must manually inspect the HTML structure to identify the fields we want to extract.
2026-04-02 21:48:23 | INFO | CI | For this arXiv page, we can extract:
- Title from <h1 class='title'>
- Authors from <div class='authors'>
- Abstract from <blockquote class='abstract'>
- Primary subject from <div class='subheader'>
- Submission date from <div class='dateline'>
- ArXiv ID from canonical link
2026-04-02 21:48:23 | INFO | CI | Replace any missing content with `unknown` to ensure all are strings.
2026-04-02 21:48:23 | INFO | CI | ========================
2026-04-02 21:48:23 | INFO | CI | STAGE 03a: Extract bibliographic fields (title, authors, abstract)
2026-04-02 21:48:23 | INFO | CI | ========================
2026-04-02 21:48:23 | INFO | CI | Extracted title: Agents of Chaos
2026-04-02 21:48:23 | INFO | CI | Extracted authors: Natalie Shapira, Chris Wendler, Avery Yen, Gabriele Sarti, Koyena Pal, Olivia Floody, Adam Belfki, Alex Loftus, Aditya Ratan Jannali, Nikhil Prakash, Jasmine Cui, Giordano Rogers, Jannik Brinkmann, Can Rager, Amir Zur, Michael Ripa, Aruna Sankaranarayanan, David Atkinson, Rohit Gandikota, Jaden Fiotto-Kaufman, EunJeong Hwang, Hadas Orgad, P Sam Sahil, Negev Taglicht, Tomer Shabtay, Atai Ambus, Nitay Alon, Shiri Oron, Ayelet Gordon-Tapiero, Yotam Kaplan, Vered Shwartz, Tamar Rott Shaham, Christoph Riedl, Reuth Mirsky, Maarten Sap, David Manheim, Tomer Ullman, David Bau
2026-04-02 21:48:23 | INFO | CI | Extracted abstract: We report an exploratory red-teaming study of autonomous language-model-powered agents deployed in a...
2026-04-02 21:48:23 | INFO | CI | ========================
2026-04-02 21:48:23 | INFO | CI | STAGE 03b: Extract metadata field subjects from subheader
2026-04-02 21:48:23 | INFO | CI | ========================
2026-04-02 21:48:23 | INFO | CI | Extracted subjects: Computer Science > Artificial Intelligence
2026-04-02 21:48:23 | INFO | CI | ========================
2026-04-02 21:48:23 | INFO | CI | STAGE 03c: Extract metadata field date from dateline
2026-04-02 21:48:23 | INFO | CI | ========================
2026-04-02 21:48:23 | INFO | CI | Extracted submitted: [Submitted on 23 Feb 2026]
2026-04-02 21:48:23 | INFO | CI | ========================
2026-04-02 21:48:23 | INFO | CI | STAGE 03d: Extract metadata field arxiv_id from canonical link
2026-04-02 21:48:23 | INFO | CI | ========================
2026-04-02 21:48:23 | INFO | CI | Extracted arxiv_id: 2602.20021
2026-04-02 21:48:23 | INFO | CI | ========================
2026-04-02 21:48:23 | INFO | CI | STAGE 03e: Calculate derived fields
2026-04-02 21:48:23 | INFO | CI | ========================
2026-04-02 21:48:23 | INFO | CI | Calculated abstract word count: 177
2026-04-02 21:48:23 | INFO | CI | Calculated author count: 38
2026-04-02 21:48:23 | INFO | CI | ========================
2026-04-02 21:48:23 | INFO | CI | STAGE 03f: Build record and create DataFrame
2026-04-02 21:48:23 | INFO | CI | ========================
2026-04-02 21:48:23 | INFO | CI | Created DataFrame with 1 row and 8 columns
2026-04-02 21:48:23 | INFO | CI | Columns: ['arxiv_id', 'title', 'authors', 'subjects', 'submitted', 'abstract', 'abstract_word_count', 'author_count']
2026-04-02 21:48:23 | INFO | CI | DataFrame Details
2026-04-02 21:48:23 | INFO | CI |   Title: Agents of Chaos
2026-04-02 21:48:23 | INFO | CI |   Author count: 38
2026-04-02 21:48:23 | INFO | CI |   Abstract word count: 177
2026-04-02 21:48:23 | INFO | CI |   DataFrame preview:
     arxiv_id            title  ... abstract_word_count author_count
0  2602.20021  Agents of Chaos  ...                 177           38

[1 rows x 8 columns]
2026-04-02 21:48:23 | INFO | CI | Sink: Pandas DataFrame created
2026-04-02 21:48:23 | INFO | CI | Transformation complete.
2026-04-02 21:48:23 | INFO | CI | ========================
2026-04-02 21:48:23 | INFO | CI | STAGE 04: LOAD starting...
2026-04-02 21:48:23 | INFO | CI | ========================
2026-04-02 21:48:23 | INFO | CI | SINK PATH = data\processed\case_processed.csv
2026-04-02 21:48:23 | INFO | CI | ========================
2026-04-02 21:48:23 | INFO | CI | Pipeline executed successfully!
2026-04-02 21:48:23 | INFO | CI | ========================
2026-04-06 12:15:15 | INFO | CI | === RUN START ===
2026-04-06 12:15:15 | INFO | CI | project=Module 5: EVTL PIPELINE - WEB DOCUMENTS (HTML)
2026-04-06 12:15:15 | INFO | CI | repo_dir=nlp-05-web-documents
2026-04-06 12:15:15 | INFO | CI | python=3.14.3
2026-04-06 12:15:15 | INFO | CI | os=Windows 11
2026-04-06 12:15:15 | INFO | CI | shell=powershell
2026-04-06 12:15:15 | INFO | CI | cwd=.
2026-04-06 12:15:15 | INFO | CI | github_actions=False
2026-04-06 12:15:15 | INFO | CI | START PIPELINE
2026-04-06 12:15:15 | INFO | CI | ROOT_PATH = .
2026-04-06 12:15:15 | INFO | CI | DATA_PATH = data
2026-04-06 12:15:15 | INFO | CI | RAW_PATH = data\raw
2026-04-06 12:15:15 | INFO | CI | PROCESSED_PATH = data\processed
2026-04-06 12:15:15 | INFO | CI | ========================
2026-04-06 12:15:15 | INFO | CI | STAGE 01: EXTRACT starting... 
2026-04-06 12:15:15 | INFO | CI | ========================
2026-04-06 12:15:15 | INFO | CI | EXTRACT: Fetching HTML from https://arxiv.org/abs/2602.20021
2026-04-06 12:15:15 | INFO | CI | SOURCE URL = https://arxiv.org/abs/2602.20021
2026-04-06 12:15:15 | INFO | CI | SINK PATH = data\raw\case_raw.html
2026-04-06 12:15:15 | INFO | CI | ========================
2026-04-06 12:15:15 | INFO | CI | STAGE 02: VALIDATE starting...
2026-04-06 12:15:15 | INFO | CI | ========================
2026-04-06 12:15:15 | INFO | CI | HTML STRUCTURE INSPECTION:
2026-04-06 12:15:15 | INFO | CI | Top-level type: BeautifulSoup
2026-04-06 12:15:15 | INFO | CI | Top-level elements: ['html']
2026-04-06 12:15:15 | INFO | CI | VALIDATE: Title found: True
2026-04-06 12:15:15 | INFO | CI | VALIDATE: Authors found: True
2026-04-06 12:15:15 | INFO | CI | VALIDATE: Abstract found: True
2026-04-06 12:15:15 | INFO | CI | VALIDATE: Subjects found: True
2026-04-06 12:15:15 | INFO | CI | VALIDATE: Dateline found: True
2026-04-06 12:15:15 | INFO | CI | VALIDATE: HTML structure is valid.
2026-04-06 12:15:15 | INFO | CI | Sink: validated BeautifulSoup object
2026-04-06 12:15:15 | INFO | CI | ========================
2026-04-06 12:15:15 | INFO | CI | STAGE 03: TRANSFORM starting...
2026-04-06 12:15:15 | INFO | CI | ========================
2026-04-06 12:15:15 | INFO | CI | Extracting metadata from HTML
2026-04-06 12:15:15 | INFO | CI | We must manually inspect the HTML structure to identify the fields we want to extract.
2026-04-06 12:15:15 | INFO | CI | For this arXiv page, we can extract:
- Title from <h1 class='title'>
- Authors from <div class='authors'>
- Abstract from <blockquote class='abstract'>
- Primary subject from <div class='subheader'>
- Submission date from <div class='dateline'>
- ArXiv ID from canonical link
2026-04-06 12:15:15 | INFO | CI | Replace any missing content with `unknown` to ensure all are strings.
2026-04-06 12:15:15 | INFO | CI | ========================
2026-04-06 12:15:15 | INFO | CI | STAGE 03a: Extract bibliographic fields (title, authors, abstract)
2026-04-06 12:15:15 | INFO | CI | ========================
2026-04-06 12:15:15 | INFO | CI | Extracted title: Agents of Chaos
2026-04-06 12:15:15 | INFO | CI | Extracted authors: Natalie Shapira, Chris Wendler, Avery Yen, Gabriele Sarti, Koyena Pal, Olivia Floody, Adam Belfki, Alex Loftus, Aditya Ratan Jannali, Nikhil Prakash, Jasmine Cui, Giordano Rogers, Jannik Brinkmann, Can Rager, Amir Zur, Michael Ripa, Aruna Sankaranarayanan, David Atkinson, Rohit Gandikota, Jaden Fiotto-Kaufman, EunJeong Hwang, Hadas Orgad, P Sam Sahil, Negev Taglicht, Tomer Shabtay, Atai Ambus, Nitay Alon, Shiri Oron, Ayelet Gordon-Tapiero, Yotam Kaplan, Vered Shwartz, Tamar Rott Shaham, Christoph Riedl, Reuth Mirsky, Maarten Sap, David Manheim, Tomer Ullman, David Bau
2026-04-06 12:15:15 | INFO | CI | Extracted abstract: We report an exploratory red-teaming study of autonomous language-model-powered agents deployed in a...
2026-04-06 12:15:15 | INFO | CI | ========================
2026-04-06 12:15:15 | INFO | CI | STAGE 03b: Extract metadata field subjects from subheader
2026-04-06 12:15:15 | INFO | CI | ========================
2026-04-06 12:15:15 | INFO | CI | Extracted subjects: Computer Science > Artificial Intelligence
2026-04-06 12:15:15 | INFO | CI | ========================
2026-04-06 12:15:15 | INFO | CI | STAGE 03c: Extract metadata field date from dateline
2026-04-06 12:15:15 | INFO | CI | ========================
2026-04-06 12:15:15 | INFO | CI | Extracted submitted: [Submitted on 23 Feb 2026]
2026-04-06 12:15:15 | INFO | CI | ========================
2026-04-06 12:15:15 | INFO | CI | STAGE 03d: Extract metadata field arxiv_id from canonical link
2026-04-06 12:15:15 | INFO | CI | ========================
2026-04-06 12:15:15 | INFO | CI | Extracted arxiv_id: 2602.20021
2026-04-06 12:15:15 | INFO | CI | ========================
2026-04-06 12:15:15 | INFO | CI | STAGE 03e: Calculate derived fields
2026-04-06 12:15:15 | INFO | CI | ========================
2026-04-06 12:15:15 | INFO | CI | Calculated abstract word count: 177
2026-04-06 12:15:15 | INFO | CI | Calculated author count: 38
2026-04-06 12:15:15 | INFO | CI | ========================
2026-04-06 12:15:15 | INFO | CI | STAGE 03f: Build record and create DataFrame
2026-04-06 12:15:15 | INFO | CI | ========================
2026-04-06 12:15:15 | INFO | CI | Created DataFrame with 1 row and 8 columns
2026-04-06 12:15:15 | INFO | CI | Columns: ['arxiv_id', 'title', 'authors', 'subjects', 'submitted', 'abstract', 'abstract_word_count', 'author_count']
2026-04-06 12:15:15 | INFO | CI | DataFrame Details
2026-04-06 12:15:15 | INFO | CI |   Title: Agents of Chaos
2026-04-06 12:15:15 | INFO | CI |   Author count: 38
2026-04-06 12:15:15 | INFO | CI |   Abstract word count: 177
2026-04-06 12:15:15 | INFO | CI |   DataFrame preview:
     arxiv_id            title  ... abstract_word_count author_count
0  2602.20021  Agents of Chaos  ...                 177           38

[1 rows x 8 columns]
2026-04-06 12:15:15 | INFO | CI | Sink: Pandas DataFrame created
2026-04-06 12:15:15 | INFO | CI | Transformation complete.
2026-04-06 12:15:15 | INFO | CI | ========================
2026-04-06 12:15:15 | INFO | CI | STAGE 04: LOAD starting...
2026-04-06 12:15:15 | INFO | CI | ========================
2026-04-06 12:15:15 | INFO | CI | SINK PATH = data\processed\case_processed.csv
2026-04-06 12:15:15 | INFO | CI | ========================
2026-04-06 12:15:15 | INFO | CI | Pipeline executed successfully!
2026-04-06 12:15:15 | INFO | CI | ========================
2026-04-06 12:43:10 | INFO | CI | === RUN START ===
2026-04-06 12:43:10 | INFO | CI | project=Module 5: EVTL PIPELINE - WEB DOCUMENTS (HTML)
2026-04-06 12:43:10 | INFO | CI | repo_dir=nlp-05-web-documents
2026-04-06 12:43:10 | INFO | CI | python=3.14.3
2026-04-06 12:43:10 | INFO | CI | os=Windows 11
2026-04-06 12:43:10 | INFO | CI | shell=powershell
2026-04-06 12:43:10 | INFO | CI | cwd=.
2026-04-06 12:43:10 | INFO | CI | github_actions=False
2026-04-06 12:43:10 | INFO | CI | START PIPELINE
2026-04-06 12:43:10 | INFO | CI | ROOT_PATH = .
2026-04-06 12:43:10 | INFO | CI | DATA_PATH = data
2026-04-06 12:43:10 | INFO | CI | RAW_PATH = data\raw
2026-04-06 12:43:10 | INFO | CI | PROCESSED_PATH = data\processed
2026-04-06 12:43:10 | INFO | CI | ========================
2026-04-06 12:43:10 | INFO | CI | STAGE 01: EXTRACT starting... 
2026-04-06 12:43:10 | INFO | CI | ========================
2026-04-06 12:43:10 | INFO | CI | EXTRACT: Fetching HTML from https://arxiv.org/abs/2602.20021
2026-04-06 12:43:10 | INFO | CI | SOURCE URL = https://arxiv.org/abs/2602.20021
2026-04-06 12:43:10 | INFO | CI | SINK PATH = data\raw\beaderstadt_raw.html
2026-04-06 12:43:10 | INFO | CI | ========================
2026-04-06 12:43:10 | INFO | CI | STAGE 02: VALIDATE starting...
2026-04-06 12:43:10 | INFO | CI | ========================
2026-04-06 12:43:10 | INFO | CI | HTML STRUCTURE INSPECTION:
2026-04-06 12:43:10 | INFO | CI | Top-level type: BeautifulSoup
2026-04-06 12:43:10 | INFO | CI | Top-level elements: ['html']
2026-04-06 12:43:10 | INFO | CI | VALIDATE: Title found: True
2026-04-06 12:43:10 | INFO | CI | VALIDATE: Authors found: True
2026-04-06 12:43:10 | INFO | CI | VALIDATE: Abstract found: True
2026-04-06 12:43:10 | INFO | CI | VALIDATE: Subjects found: True
2026-04-06 12:43:10 | INFO | CI | VALIDATE: Dateline found: True
2026-04-06 12:43:10 | INFO | CI | VALIDATE: HTML structure is valid.
2026-04-06 12:43:10 | INFO | CI | Sink: validated BeautifulSoup object
2026-04-06 12:43:10 | INFO | CI | ========================
2026-04-06 12:43:10 | INFO | CI | STAGE 03: TRANSFORM starting...
2026-04-06 12:43:10 | INFO | CI | ========================
2026-04-06 12:43:10 | INFO | CI | Extracting metadata from HTML
2026-04-06 12:43:10 | INFO | CI | We must manually inspect the HTML structure to identify the fields we want to extract.
2026-04-06 12:43:10 | INFO | CI | For this arXiv page, we can extract:
- Title from <h1 class='title'>
- Authors from <div class='authors'>
- Abstract from <blockquote class='abstract'>
- Primary subject from <div class='subheader'>
- Submission date from <div class='dateline'>
- ArXiv ID from canonical link
2026-04-06 12:43:10 | INFO | CI | Replace any missing content with `unknown` to ensure all are strings.
2026-04-06 12:43:10 | INFO | CI | ========================
2026-04-06 12:43:10 | INFO | CI | STAGE 03a: Extract bibliographic fields (title, authors, abstract)
2026-04-06 12:43:10 | INFO | CI | ========================
2026-04-06 12:43:10 | INFO | CI | Extracted title: Agents of Chaos
2026-04-06 12:43:10 | INFO | CI | Extracted authors: Natalie Shapira, Chris Wendler, Avery Yen, Gabriele Sarti, Koyena Pal, Olivia Floody, Adam Belfki, Alex Loftus, Aditya Ratan Jannali, Nikhil Prakash, Jasmine Cui, Giordano Rogers, Jannik Brinkmann, Can Rager, Amir Zur, Michael Ripa, Aruna Sankaranarayanan, David Atkinson, Rohit Gandikota, Jaden Fiotto-Kaufman, EunJeong Hwang, Hadas Orgad, P Sam Sahil, Negev Taglicht, Tomer Shabtay, Atai Ambus, Nitay Alon, Shiri Oron, Ayelet Gordon-Tapiero, Yotam Kaplan, Vered Shwartz, Tamar Rott Shaham, Christoph Riedl, Reuth Mirsky, Maarten Sap, David Manheim, Tomer Ullman, David Bau
2026-04-06 12:43:10 | INFO | CI | Extracted abstract: We report an exploratory red-teaming study of autonomous language-model-powered agents deployed in a...
2026-04-06 12:43:10 | INFO | CI | ========================
2026-04-06 12:43:10 | INFO | CI | STAGE 03b: Extract metadata field subjects from subheader
2026-04-06 12:43:10 | INFO | CI | ========================
2026-04-06 12:43:10 | INFO | CI | Extracted subjects: Computer Science > Artificial Intelligence
2026-04-06 12:43:10 | INFO | CI | ========================
2026-04-06 12:43:10 | INFO | CI | STAGE 03c: Extract metadata field date from dateline
2026-04-06 12:43:10 | INFO | CI | ========================
2026-04-06 12:43:10 | INFO | CI | Extracted submitted: [Submitted on 23 Feb 2026]
2026-04-06 12:43:10 | INFO | CI | ========================
2026-04-06 12:43:10 | INFO | CI | STAGE 03d: Extract metadata field arxiv_id from canonical link
2026-04-06 12:43:10 | INFO | CI | ========================
2026-04-06 12:43:10 | INFO | CI | Extracted arxiv_id: 2602.20021
2026-04-06 12:43:10 | INFO | CI | ========================
2026-04-06 12:43:10 | INFO | CI | STAGE 03e: Calculate derived fields
2026-04-06 12:43:10 | INFO | CI | ========================
2026-04-06 12:43:10 | INFO | CI | Calculated abstract word count: 177
2026-04-06 12:43:10 | INFO | CI | Top keywords: with, we, report
2026-04-06 12:43:10 | INFO | CI | Calculated author count: 38
2026-04-06 12:43:10 | INFO | CI | Formality score: 8
2026-04-06 12:43:10 | INFO | CI | ========================
2026-04-06 12:43:10 | INFO | CI | STAGE 03f: Build record and create DataFrame
2026-04-06 12:43:10 | INFO | CI | ========================
2026-04-06 12:43:10 | INFO | CI | Created DataFrame with 1 row and 10 columns
2026-04-06 12:43:10 | INFO | CI | Columns: ['arxiv_id', 'title', 'authors', 'subjects', 'submitted', 'abstract', 'abstract_word_count', 'author_count', 'top_keywords', 'formality_score']
2026-04-06 12:43:10 | INFO | CI | DataFrame Details
2026-04-06 12:43:10 | INFO | CI |   Title: Agents of Chaos
2026-04-06 12:43:10 | INFO | CI |   Author count: 38
2026-04-06 12:43:10 | INFO | CI |   Abstract word count: 177
2026-04-06 12:43:10 | INFO | CI |   DataFrame preview:
     arxiv_id            title                                            authors  ... author_count      top_keywords formality_score
0  2602.20021  Agents of Chaos  Natalie Shapira, Chris Wendler, Avery Yen, Gab...  ...           38  with, we, report               8

[1 rows x 10 columns]
2026-04-06 12:43:10 | INFO | CI | Sink: Pandas DataFrame created
2026-04-06 12:43:10 | INFO | CI | Transformation complete.
2026-04-06 12:43:10 | INFO | CI | ========================
2026-04-06 12:43:10 | INFO | CI | STAGE 04: LOAD starting...
2026-04-06 12:43:10 | INFO | CI | ========================
2026-04-06 12:43:10 | INFO | CI | SINK PATH = data\processed\beaderstadt_processed.csv
2026-04-06 12:43:10 | INFO | CI | ========================
2026-04-06 12:43:10 | INFO | CI | Pipeline executed successfully!
2026-04-06 12:43:10 | INFO | CI | ========================
2026-04-06 13:16:12 | INFO | CI | === RUN START ===
2026-04-06 13:16:12 | INFO | CI | project=Module 5: EVTL PIPELINE - WEB DOCUMENTS (HTML)
2026-04-06 13:16:12 | INFO | CI | repo_dir=nlp-05-web-documents
2026-04-06 13:16:12 | INFO | CI | python=3.14.3
2026-04-06 13:16:12 | INFO | CI | os=Windows 11
2026-04-06 13:16:12 | INFO | CI | shell=powershell
2026-04-06 13:16:12 | INFO | CI | cwd=.
2026-04-06 13:16:12 | INFO | CI | github_actions=False
2026-04-06 13:16:12 | INFO | CI | START PIPELINE
2026-04-06 13:16:12 | INFO | CI | ROOT_PATH = .
2026-04-06 13:16:12 | INFO | CI | DATA_PATH = data
2026-04-06 13:16:12 | INFO | CI | RAW_PATH = data\raw
2026-04-06 13:16:12 | INFO | CI | PROCESSED_PATH = data\processed
2026-04-06 13:16:12 | INFO | CI | ========================
2026-04-06 13:16:12 | INFO | CI | STAGE 01: EXTRACT starting... 
2026-04-06 13:16:12 | INFO | CI | ========================
2026-04-06 13:16:12 | INFO | CI | EXTRACT: Fetching HTML from https://arxiv.org/abs/2602.20021
2026-04-06 13:16:12 | INFO | CI | SOURCE URL = https://arxiv.org/abs/2602.20021
2026-04-06 13:16:12 | INFO | CI | SINK PATH = data\raw\beaderstadt_raw.html
2026-04-06 13:16:12 | INFO | CI | ========================
2026-04-06 13:16:12 | INFO | CI | STAGE 02: VALIDATE starting...
2026-04-06 13:16:12 | INFO | CI | ========================
2026-04-06 13:16:12 | INFO | CI | HTML STRUCTURE INSPECTION:
2026-04-06 13:16:12 | INFO | CI | Top-level type: BeautifulSoup
2026-04-06 13:16:12 | INFO | CI | Top-level elements: ['html']
2026-04-06 13:16:12 | INFO | CI | VALIDATE: Title found: True
2026-04-06 13:16:12 | INFO | CI | VALIDATE: Authors found: True
2026-04-06 13:16:12 | INFO | CI | VALIDATE: Abstract found: True
2026-04-06 13:16:12 | INFO | CI | VALIDATE: Subjects found: True
2026-04-06 13:16:12 | INFO | CI | VALIDATE: Dateline found: True
2026-04-06 13:16:12 | INFO | CI | VALIDATE: HTML structure is valid.
2026-04-06 13:16:12 | INFO | CI | Sink: validated BeautifulSoup object
2026-04-06 13:16:12 | INFO | CI | ========================
2026-04-06 13:16:12 | INFO | CI | STAGE 03: TRANSFORM starting...
2026-04-06 13:16:12 | INFO | CI | ========================
2026-04-06 13:16:12 | INFO | CI | Extracting metadata from HTML
2026-04-06 13:16:12 | INFO | CI | We must manually inspect the HTML structure to identify the fields we want to extract.
2026-04-06 13:16:12 | INFO | CI | For this arXiv page, we can extract:
- Title from <h1 class='title'>
- Authors from <div class='authors'>
- Abstract from <blockquote class='abstract'>
- Primary subject from <div class='subheader'>
- Submission date from <div class='dateline'>
- ArXiv ID from canonical link
2026-04-06 13:16:12 | INFO | CI | Replace any missing content with `unknown` to ensure all are strings.
2026-04-06 13:16:12 | INFO | CI | ========================
2026-04-06 13:16:12 | INFO | CI | STAGE 03a: Extract bibliographic fields (title, authors, abstract)
2026-04-06 13:16:12 | INFO | CI | ========================
2026-04-06 13:16:12 | INFO | CI | Extracted title: Agents of Chaos
2026-04-06 13:16:12 | INFO | CI | Extracted authors: Natalie Shapira, Chris Wendler, Avery Yen, Gabriele Sarti, Koyena Pal, Olivia Floody, Adam Belfki, Alex Loftus, Aditya Ratan Jannali, Nikhil Prakash, Jasmine Cui, Giordano Rogers, Jannik Brinkmann, Can Rager, Amir Zur, Michael Ripa, Aruna Sankaranarayanan, David Atkinson, Rohit Gandikota, Jaden Fiotto-Kaufman, EunJeong Hwang, Hadas Orgad, P Sam Sahil, Negev Taglicht, Tomer Shabtay, Atai Ambus, Nitay Alon, Shiri Oron, Ayelet Gordon-Tapiero, Yotam Kaplan, Vered Shwartz, Tamar Rott Shaham, Christoph Riedl, Reuth Mirsky, Maarten Sap, David Manheim, Tomer Ullman, David Bau
2026-04-06 13:16:12 | INFO | CI | Extracted abstract: We report an exploratory red-teaming study of autonomous language-model-powered agents deployed in a...
2026-04-06 13:16:12 | INFO | CI | ========================
2026-04-06 13:16:12 | INFO | CI | STAGE 03b: Extract metadata field subjects from subheader
2026-04-06 13:16:12 | INFO | CI | ========================
2026-04-06 13:16:12 | INFO | CI | Extracted subjects: Computer Science > Artificial Intelligence
2026-04-06 13:16:12 | INFO | CI | ========================
2026-04-06 13:16:12 | INFO | CI | STAGE 03c: Extract metadata field date from dateline
2026-04-06 13:16:12 | INFO | CI | ========================
2026-04-06 13:16:12 | INFO | CI | Extracted submitted: [Submitted on 23 Feb 2026]
2026-04-06 13:16:12 | INFO | CI | ========================
2026-04-06 13:16:12 | INFO | CI | STAGE 03d: Extract metadata field arxiv_id from canonical link
2026-04-06 13:16:12 | INFO | CI | ========================
2026-04-06 13:16:12 | INFO | CI | Extracted arxiv_id: 2602.20021
2026-04-06 13:16:12 | INFO | CI | ========================
2026-04-06 13:16:12 | INFO | CI | STAGE 03e: Calculate derived fields
2026-04-06 13:16:12 | INFO | CI | ========================
2026-04-06 13:16:12 | INFO | CI | Calculated abstract word count: 177
2026-04-06 13:16:12 | INFO | CI | Top keywords: agents, an, researchers
2026-04-06 13:16:12 | INFO | CI | Calculated author count: 38
2026-04-06 13:16:12 | INFO | CI | Formality score: 8
2026-04-06 13:16:12 | INFO | CI | ========================
2026-04-06 13:16:12 | INFO | CI | STAGE 03f: Build record and create DataFrame
2026-04-06 13:16:12 | INFO | CI | ========================
2026-04-06 13:16:12 | INFO | CI | Created DataFrame with 1 row and 10 columns
2026-04-06 13:16:12 | INFO | CI | Columns: ['arxiv_id', 'title', 'authors', 'subjects', 'submitted', 'abstract', 'abstract_word_count', 'author_count', 'top_keywords', 'formality_score']
2026-04-06 13:16:12 | INFO | CI | DataFrame Details
2026-04-06 13:16:12 | INFO | CI |   Title: Agents of Chaos
2026-04-06 13:16:12 | INFO | CI |   Author count: 38
2026-04-06 13:16:12 | INFO | CI |   Abstract word count: 177
2026-04-06 13:16:12 | INFO | CI |   DataFrame preview:
     arxiv_id            title                                            authors  ... author_count             top_keywords formality_score
0  2602.20021  Agents of Chaos  Natalie Shapira, Chris Wendler, Avery Yen, Gab...  ...           38  agents, an, researchers               8

[1 rows x 10 columns]
2026-04-06 13:16:12 | INFO | CI | Sink: Pandas DataFrame created
2026-04-06 13:16:12 | INFO | CI | Transformation complete.
2026-04-06 13:16:12 | INFO | CI | ========================
2026-04-06 13:16:12 | INFO | CI | STAGE 04: LOAD starting...
2026-04-06 13:16:12 | INFO | CI | ========================
2026-04-06 13:16:12 | INFO | CI | SINK PATH = data\processed\beaderstadt_processed.csv
2026-04-06 13:16:12 | INFO | CI | ========================
2026-04-06 13:16:12 | INFO | CI | Pipeline executed successfully!
2026-04-06 13:16:12 | INFO | CI | ========================
2026-04-06 13:18:13 | INFO | CI | === RUN START ===
2026-04-06 13:18:13 | INFO | CI | project=Module 5: EVTL PIPELINE - WEB DOCUMENTS (HTML)
2026-04-06 13:18:13 | INFO | CI | repo_dir=nlp-05-web-documents
2026-04-06 13:18:13 | INFO | CI | python=3.14.3
2026-04-06 13:18:13 | INFO | CI | os=Windows 11
2026-04-06 13:18:13 | INFO | CI | shell=powershell
2026-04-06 13:18:13 | INFO | CI | cwd=.
2026-04-06 13:18:13 | INFO | CI | github_actions=False
2026-04-06 13:18:13 | INFO | CI | START PIPELINE
2026-04-06 13:18:13 | INFO | CI | ROOT_PATH = .
2026-04-06 13:18:13 | INFO | CI | DATA_PATH = data
2026-04-06 13:18:13 | INFO | CI | RAW_PATH = data\raw
2026-04-06 13:18:13 | INFO | CI | PROCESSED_PATH = data\processed
2026-04-06 13:18:13 | INFO | CI | ========================
2026-04-06 13:18:13 | INFO | CI | STAGE 01: EXTRACT starting... 
2026-04-06 13:18:13 | INFO | CI | ========================
2026-04-06 13:18:13 | INFO | CI | EXTRACT: Fetching HTML from https://arxiv.org/abs/2602.20021
2026-04-06 13:18:13 | INFO | CI | SOURCE URL = https://arxiv.org/abs/2602.20021
2026-04-06 13:18:13 | INFO | CI | SINK PATH = data\raw\beaderstadt_raw.html
2026-04-06 13:18:13 | INFO | CI | ========================
2026-04-06 13:18:13 | INFO | CI | STAGE 02: VALIDATE starting...
2026-04-06 13:18:13 | INFO | CI | ========================
2026-04-06 13:18:13 | INFO | CI | HTML STRUCTURE INSPECTION:
2026-04-06 13:18:13 | INFO | CI | Top-level type: BeautifulSoup
2026-04-06 13:18:13 | INFO | CI | Top-level elements: ['html']
2026-04-06 13:18:13 | INFO | CI | VALIDATE: Title found: True
2026-04-06 13:18:13 | INFO | CI | VALIDATE: Authors found: True
2026-04-06 13:18:13 | INFO | CI | VALIDATE: Abstract found: True
2026-04-06 13:18:13 | INFO | CI | VALIDATE: Subjects found: True
2026-04-06 13:18:13 | INFO | CI | VALIDATE: Dateline found: True
2026-04-06 13:18:13 | INFO | CI | VALIDATE: HTML structure is valid.
2026-04-06 13:18:13 | INFO | CI | Sink: validated BeautifulSoup object
2026-04-06 13:18:13 | INFO | CI | ========================
2026-04-06 13:18:13 | INFO | CI | STAGE 03: TRANSFORM starting...
2026-04-06 13:18:13 | INFO | CI | ========================
2026-04-06 13:18:13 | INFO | CI | Extracting metadata from HTML
2026-04-06 13:18:13 | INFO | CI | We must manually inspect the HTML structure to identify the fields we want to extract.
2026-04-06 13:18:13 | INFO | CI | For this arXiv page, we can extract:
- Title from <h1 class='title'>
- Authors from <div class='authors'>
- Abstract from <blockquote class='abstract'>
- Primary subject from <div class='subheader'>
- Submission date from <div class='dateline'>
- ArXiv ID from canonical link
2026-04-06 13:18:13 | INFO | CI | Replace any missing content with `unknown` to ensure all are strings.
2026-04-06 13:18:13 | INFO | CI | ========================
2026-04-06 13:18:13 | INFO | CI | STAGE 03a: Extract bibliographic fields (title, authors, abstract)
2026-04-06 13:18:13 | INFO | CI | ========================
2026-04-06 13:18:13 | INFO | CI | Extracted title: Agents of Chaos
2026-04-06 13:18:13 | INFO | CI | Extracted authors: Natalie Shapira, Chris Wendler, Avery Yen, Gabriele Sarti, Koyena Pal, Olivia Floody, Adam Belfki, Alex Loftus, Aditya Ratan Jannali, Nikhil Prakash, Jasmine Cui, Giordano Rogers, Jannik Brinkmann, Can Rager, Amir Zur, Michael Ripa, Aruna Sankaranarayanan, David Atkinson, Rohit Gandikota, Jaden Fiotto-Kaufman, EunJeong Hwang, Hadas Orgad, P Sam Sahil, Negev Taglicht, Tomer Shabtay, Atai Ambus, Nitay Alon, Shiri Oron, Ayelet Gordon-Tapiero, Yotam Kaplan, Vered Shwartz, Tamar Rott Shaham, Christoph Riedl, Reuth Mirsky, Maarten Sap, David Manheim, Tomer Ullman, David Bau
2026-04-06 13:18:13 | INFO | CI | Extracted abstract: We report an exploratory red-teaming study of autonomous language-model-powered agents deployed in a...
2026-04-06 13:18:13 | INFO | CI | ========================
2026-04-06 13:18:13 | INFO | CI | STAGE 03b: Extract metadata field subjects from subheader
2026-04-06 13:18:13 | INFO | CI | ========================
2026-04-06 13:18:13 | INFO | CI | Extracted subjects: Computer Science > Artificial Intelligence
2026-04-06 13:18:13 | INFO | CI | ========================
2026-04-06 13:18:13 | INFO | CI | STAGE 03c: Extract metadata field date from dateline
2026-04-06 13:18:13 | INFO | CI | ========================
2026-04-06 13:18:13 | INFO | CI | Extracted submitted: [Submitted on 23 Feb 2026]
2026-04-06 13:18:13 | INFO | CI | ========================
2026-04-06 13:18:13 | INFO | CI | STAGE 03d: Extract metadata field arxiv_id from canonical link
2026-04-06 13:18:13 | INFO | CI | ========================
2026-04-06 13:18:13 | INFO | CI | Extracted arxiv_id: 2602.20021
2026-04-06 13:18:13 | INFO | CI | ========================
2026-04-06 13:18:13 | INFO | CI | STAGE 03e: Calculate derived fields
2026-04-06 13:18:13 | INFO | CI | ========================
2026-04-06 13:18:13 | INFO | CI | Calculated abstract word count: 177
2026-04-06 13:18:13 | INFO | CI | Top keywords: agents, researchers, from
2026-04-06 13:18:13 | INFO | CI | Calculated author count: 38
2026-04-06 13:18:13 | INFO | CI | Formality score: 8
2026-04-06 13:18:13 | INFO | CI | ========================
2026-04-06 13:18:13 | INFO | CI | STAGE 03f: Build record and create DataFrame
2026-04-06 13:18:13 | INFO | CI | ========================
2026-04-06 13:18:13 | INFO | CI | Created DataFrame with 1 row and 10 columns
2026-04-06 13:18:13 | INFO | CI | Columns: ['arxiv_id', 'title', 'authors', 'subjects', 'submitted', 'abstract', 'abstract_word_count', 'author_count', 'top_keywords', 'formality_score']
2026-04-06 13:18:13 | INFO | CI | DataFrame Details
2026-04-06 13:18:13 | INFO | CI |   Title: Agents of Chaos
2026-04-06 13:18:13 | INFO | CI |   Author count: 38
2026-04-06 13:18:13 | INFO | CI |   Abstract word count: 177
2026-04-06 13:18:13 | INFO | CI |   DataFrame preview:
     arxiv_id            title                                            authors  ... author_count               top_keywords formality_score
0  2602.20021  Agents of Chaos  Natalie Shapira, Chris Wendler, Avery Yen, Gab...  ...           38  agents, researchers, from               8

[1 rows x 10 columns]
2026-04-06 13:18:13 | INFO | CI | Sink: Pandas DataFrame created
2026-04-06 13:18:13 | INFO | CI | Transformation complete.
2026-04-06 13:18:13 | INFO | CI | ========================
2026-04-06 13:18:13 | INFO | CI | STAGE 04: LOAD starting...
2026-04-06 13:18:13 | INFO | CI | ========================
2026-04-06 13:18:13 | INFO | CI | SINK PATH = data\processed\beaderstadt_processed.csv
2026-04-06 13:18:13 | INFO | CI | ========================
2026-04-06 13:18:13 | INFO | CI | Pipeline executed successfully!
2026-04-06 13:18:13 | INFO | CI | ========================
2026-04-06 13:18:58 | INFO | CI | === RUN START ===
2026-04-06 13:18:58 | INFO | CI | project=Module 5: EVTL PIPELINE - WEB DOCUMENTS (HTML)
2026-04-06 13:18:58 | INFO | CI | repo_dir=nlp-05-web-documents
2026-04-06 13:18:58 | INFO | CI | python=3.14.3
2026-04-06 13:18:58 | INFO | CI | os=Windows 11
2026-04-06 13:18:58 | INFO | CI | shell=powershell
2026-04-06 13:18:58 | INFO | CI | cwd=.
2026-04-06 13:18:58 | INFO | CI | github_actions=False
2026-04-06 13:18:58 | INFO | CI | START PIPELINE
2026-04-06 13:18:58 | INFO | CI | ROOT_PATH = .
2026-04-06 13:18:58 | INFO | CI | DATA_PATH = data
2026-04-06 13:18:58 | INFO | CI | RAW_PATH = data\raw
2026-04-06 13:18:58 | INFO | CI | PROCESSED_PATH = data\processed
2026-04-06 13:18:58 | INFO | CI | ========================
2026-04-06 13:18:58 | INFO | CI | STAGE 01: EXTRACT starting... 
2026-04-06 13:18:58 | INFO | CI | ========================
2026-04-06 13:18:58 | INFO | CI | EXTRACT: Fetching HTML from https://arxiv.org/abs/2602.20021
2026-04-06 13:18:59 | INFO | CI | SOURCE URL = https://arxiv.org/abs/2602.20021
2026-04-06 13:18:59 | INFO | CI | SINK PATH = data\raw\beaderstadt_raw.html
2026-04-06 13:18:59 | INFO | CI | ========================
2026-04-06 13:18:59 | INFO | CI | STAGE 02: VALIDATE starting...
2026-04-06 13:18:59 | INFO | CI | ========================
2026-04-06 13:18:59 | INFO | CI | HTML STRUCTURE INSPECTION:
2026-04-06 13:18:59 | INFO | CI | Top-level type: BeautifulSoup
2026-04-06 13:18:59 | INFO | CI | Top-level elements: ['html']
2026-04-06 13:18:59 | INFO | CI | VALIDATE: Title found: True
2026-04-06 13:18:59 | INFO | CI | VALIDATE: Authors found: True
2026-04-06 13:18:59 | INFO | CI | VALIDATE: Abstract found: True
2026-04-06 13:18:59 | INFO | CI | VALIDATE: Subjects found: True
2026-04-06 13:18:59 | INFO | CI | VALIDATE: Dateline found: True
2026-04-06 13:18:59 | INFO | CI | VALIDATE: HTML structure is valid.
2026-04-06 13:18:59 | INFO | CI | Sink: validated BeautifulSoup object
2026-04-06 13:18:59 | INFO | CI | ========================
2026-04-06 13:18:59 | INFO | CI | STAGE 03: TRANSFORM starting...
2026-04-06 13:18:59 | INFO | CI | ========================
2026-04-06 13:18:59 | INFO | CI | Extracting metadata from HTML
2026-04-06 13:18:59 | INFO | CI | We must manually inspect the HTML structure to identify the fields we want to extract.
2026-04-06 13:18:59 | INFO | CI | For this arXiv page, we can extract:
- Title from <h1 class='title'>
- Authors from <div class='authors'>
- Abstract from <blockquote class='abstract'>
- Primary subject from <div class='subheader'>
- Submission date from <div class='dateline'>
- ArXiv ID from canonical link
2026-04-06 13:18:59 | INFO | CI | Replace any missing content with `unknown` to ensure all are strings.
2026-04-06 13:18:59 | INFO | CI | ========================
2026-04-06 13:18:59 | INFO | CI | STAGE 03a: Extract bibliographic fields (title, authors, abstract)
2026-04-06 13:18:59 | INFO | CI | ========================
2026-04-06 13:18:59 | INFO | CI | Extracted title: Agents of Chaos
2026-04-06 13:18:59 | INFO | CI | Extracted authors: Natalie Shapira, Chris Wendler, Avery Yen, Gabriele Sarti, Koyena Pal, Olivia Floody, Adam Belfki, Alex Loftus, Aditya Ratan Jannali, Nikhil Prakash, Jasmine Cui, Giordano Rogers, Jannik Brinkmann, Can Rager, Amir Zur, Michael Ripa, Aruna Sankaranarayanan, David Atkinson, Rohit Gandikota, Jaden Fiotto-Kaufman, EunJeong Hwang, Hadas Orgad, P Sam Sahil, Negev Taglicht, Tomer Shabtay, Atai Ambus, Nitay Alon, Shiri Oron, Ayelet Gordon-Tapiero, Yotam Kaplan, Vered Shwartz, Tamar Rott Shaham, Christoph Riedl, Reuth Mirsky, Maarten Sap, David Manheim, Tomer Ullman, David Bau
2026-04-06 13:18:59 | INFO | CI | Extracted abstract: We report an exploratory red-teaming study of autonomous language-model-powered agents deployed in a...
2026-04-06 13:18:59 | INFO | CI | ========================
2026-04-06 13:18:59 | INFO | CI | STAGE 03b: Extract metadata field subjects from subheader
2026-04-06 13:18:59 | INFO | CI | ========================
2026-04-06 13:18:59 | INFO | CI | Extracted subjects: Computer Science > Artificial Intelligence
2026-04-06 13:18:59 | INFO | CI | ========================
2026-04-06 13:18:59 | INFO | CI | STAGE 03c: Extract metadata field date from dateline
2026-04-06 13:18:59 | INFO | CI | ========================
2026-04-06 13:18:59 | INFO | CI | Extracted submitted: [Submitted on 23 Feb 2026]
2026-04-06 13:18:59 | INFO | CI | ========================
2026-04-06 13:18:59 | INFO | CI | STAGE 03d: Extract metadata field arxiv_id from canonical link
2026-04-06 13:18:59 | INFO | CI | ========================
2026-04-06 13:18:59 | INFO | CI | Extracted arxiv_id: 2602.20021
2026-04-06 13:18:59 | INFO | CI | ========================
2026-04-06 13:18:59 | INFO | CI | STAGE 03e: Calculate derived fields
2026-04-06 13:18:59 | INFO | CI | ========================
2026-04-06 13:18:59 | INFO | CI | Calculated abstract word count: 177
2026-04-06 13:18:59 | INFO | CI | Top keywords: agents, researchers, behaviors
2026-04-06 13:18:59 | INFO | CI | Calculated author count: 38
2026-04-06 13:18:59 | INFO | CI | Formality score: 8
2026-04-06 13:18:59 | INFO | CI | ========================
2026-04-06 13:18:59 | INFO | CI | STAGE 03f: Build record and create DataFrame
2026-04-06 13:18:59 | INFO | CI | ========================
2026-04-06 13:18:59 | INFO | CI | Created DataFrame with 1 row and 10 columns
2026-04-06 13:18:59 | INFO | CI | Columns: ['arxiv_id', 'title', 'authors', 'subjects', 'submitted', 'abstract', 'abstract_word_count', 'author_count', 'top_keywords', 'formality_score']
2026-04-06 13:18:59 | INFO | CI | DataFrame Details
2026-04-06 13:18:59 | INFO | CI |   Title: Agents of Chaos
2026-04-06 13:18:59 | INFO | CI |   Author count: 38
2026-04-06 13:18:59 | INFO | CI |   Abstract word count: 177
2026-04-06 13:18:59 | INFO | CI |   DataFrame preview:
     arxiv_id            title                                            authors  ... author_count                    top_keywords formality_score
0  2602.20021  Agents of Chaos  Natalie Shapira, Chris Wendler, Avery Yen, Gab...  ...           38  agents, researchers, behaviors               8

[1 rows x 10 columns]
2026-04-06 13:18:59 | INFO | CI | Sink: Pandas DataFrame created
2026-04-06 13:18:59 | INFO | CI | Transformation complete.
2026-04-06 13:18:59 | INFO | CI | ========================
2026-04-06 13:18:59 | INFO | CI | STAGE 04: LOAD starting...
2026-04-06 13:18:59 | INFO | CI | ========================
2026-04-06 13:18:59 | INFO | CI | SINK PATH = data\processed\beaderstadt_processed.csv
2026-04-06 13:18:59 | INFO | CI | ========================
2026-04-06 13:18:59 | INFO | CI | Pipeline executed successfully!
2026-04-06 13:18:59 | INFO | CI | ========================
2026-04-06 14:40:36 | INFO | CI | === RUN START ===
2026-04-06 14:40:36 | INFO | CI | project=Module 5: EVTL PIPELINE - WEB DOCUMENTS (HTML)
2026-04-06 14:40:36 | INFO | CI | repo_dir=nlp-05-web-documents
2026-04-06 14:40:36 | INFO | CI | python=3.14.3
2026-04-06 14:40:36 | INFO | CI | os=Windows 11
2026-04-06 14:40:36 | INFO | CI | shell=powershell
2026-04-06 14:40:36 | INFO | CI | cwd=.
2026-04-06 14:40:36 | INFO | CI | github_actions=False
2026-04-06 14:40:36 | INFO | CI | START PIPELINE
2026-04-06 14:40:36 | INFO | CI | ROOT_PATH = .
2026-04-06 14:40:36 | INFO | CI | DATA_PATH = data
2026-04-06 14:40:36 | INFO | CI | RAW_PATH = data\raw
2026-04-06 14:40:36 | INFO | CI | PROCESSED_PATH = data\processed
2026-04-06 14:40:36 | INFO | CI | ========================
2026-04-06 14:40:36 | INFO | CI | STAGE 01: EXTRACT starting... 
2026-04-06 14:40:36 | INFO | CI | ========================
2026-04-06 14:40:36 | INFO | CI | EXTRACT: Fetching HTML from https://arxiv.org/abs/2102.10056
2026-04-06 14:40:36 | INFO | CI | SOURCE URL = https://arxiv.org/abs/2102.10056
2026-04-06 14:40:36 | INFO | CI | SINK PATH = data\raw\beaderstadt_raw.html
2026-04-06 14:40:36 | INFO | CI | ========================
2026-04-06 14:40:36 | INFO | CI | STAGE 02: VALIDATE starting...
2026-04-06 14:40:36 | INFO | CI | ========================
2026-04-06 14:40:36 | INFO | CI | HTML STRUCTURE INSPECTION:
2026-04-06 14:40:37 | INFO | CI | Top-level type: BeautifulSoup
2026-04-06 14:40:37 | INFO | CI | Top-level elements: ['html']
2026-04-06 14:40:37 | INFO | CI | VALIDATE: Title found: True
2026-04-06 14:40:37 | INFO | CI | VALIDATE: Authors found: True
2026-04-06 14:40:37 | INFO | CI | VALIDATE: Abstract found: True
2026-04-06 14:40:37 | INFO | CI | VALIDATE: Subjects found: True
2026-04-06 14:40:37 | INFO | CI | VALIDATE: Dateline found: True
2026-04-06 14:40:37 | INFO | CI | VALIDATE: HTML structure is valid.
2026-04-06 14:40:37 | INFO | CI | Sink: validated BeautifulSoup object
2026-04-06 14:40:37 | INFO | CI | ========================
2026-04-06 14:40:37 | INFO | CI | STAGE 03: TRANSFORM starting...
2026-04-06 14:40:37 | INFO | CI | ========================
2026-04-06 14:40:37 | INFO | CI | Extracting metadata from HTML
2026-04-06 14:40:37 | INFO | CI | We must manually inspect the HTML structure to identify the fields we want to extract.
2026-04-06 14:40:37 | INFO | CI | For this arXiv page, we can extract:
- Title from <h1 class='title'>
- Authors from <div class='authors'>
- Abstract from <blockquote class='abstract'>
- Primary subject from <div class='subheader'>
- Submission date from <div class='dateline'>
- ArXiv ID from canonical link
2026-04-06 14:40:37 | INFO | CI | Replace any missing content with `unknown` to ensure all are strings.
2026-04-06 14:40:37 | INFO | CI | ========================
2026-04-06 14:40:37 | INFO | CI | STAGE 03a: Extract bibliographic fields (title, authors, abstract)
2026-04-06 14:40:37 | INFO | CI | ========================
2026-04-06 14:40:37 | INFO | CI | Extracted title: Molecular Contrastive Learning of Representations via Graph Neural Networks
2026-04-06 14:40:37 | INFO | CI | Extracted authors: Yuyang Wang, Jianren Wang, Zhonglin Cao, Amir Barati Farimani
2026-04-06 14:40:37 | INFO | CI | Extracted abstract: Molecular Machine Learning (ML) bears promise for efficient molecule property prediction and drug di...
2026-04-06 14:40:37 | INFO | CI | ========================
2026-04-06 14:40:37 | INFO | CI | STAGE 03b: Extract metadata field subjects from subheader
2026-04-06 14:40:37 | INFO | CI | ========================
2026-04-06 14:40:37 | INFO | CI | Extracted subjects: Computer Science > Machine Learning
2026-04-06 14:40:37 | INFO | CI | ========================
2026-04-06 14:40:37 | INFO | CI | STAGE 03c: Extract metadata field date from dateline
2026-04-06 14:40:37 | INFO | CI | ========================
2026-04-06 14:40:37 | INFO | CI | Extracted submitted: [Submitted on 19 Feb 2021 (v1), last revised 17 Jan 2022 (this version, v2)]
2026-04-06 14:40:37 | INFO | CI | ========================
2026-04-06 14:40:37 | INFO | CI | STAGE 03d: Extract metadata field arxiv_id from canonical link
2026-04-06 14:40:37 | INFO | CI | ========================
2026-04-06 14:40:37 | INFO | CI | Extracted arxiv_id: 2102.10056
2026-04-06 14:40:37 | INFO | CI | ========================
2026-04-06 14:40:37 | INFO | CI | STAGE 03e: Calculate derived fields
2026-04-06 14:40:37 | INFO | CI | ========================
2026-04-06 14:40:37 | INFO | CI | Calculated abstract word count: 183
2026-04-06 14:40:37 | INFO | CI | Top keywords: molecule, molecular, learning
2026-04-06 14:40:37 | INFO | CI | Calculated author count: 4
2026-04-06 14:40:37 | INFO | CI | Formality score: 8
2026-04-06 14:40:37 | INFO | CI | ========================
2026-04-06 14:40:37 | INFO | CI | STAGE 03f: Build record and create DataFrame
2026-04-06 14:40:37 | INFO | CI | ========================
2026-04-06 14:40:37 | INFO | CI | Created DataFrame with 1 row and 10 columns
2026-04-06 14:40:37 | INFO | CI | Columns: ['arxiv_id', 'title', 'authors', 'subjects', 'submitted', 'abstract', 'abstract_word_count', 'author_count', 'top_keywords', 'formality_score']
2026-04-06 14:40:37 | INFO | CI | DataFrame Details
2026-04-06 14:40:37 | INFO | CI |   Title: Molecular Contrastive Learning of Representations via Graph Neural Networks
2026-04-06 14:40:37 | INFO | CI |   Author count: 4
2026-04-06 14:40:37 | INFO | CI |   Abstract word count: 183
2026-04-06 14:40:37 | INFO | CI |   DataFrame preview:
     arxiv_id                                              title  ...                   top_keywords formality_score
0  2102.10056  Molecular Contrastive Learning of Representati...  ...  molecule, molecular, learning               8

[1 rows x 10 columns]
2026-04-06 14:40:37 | INFO | CI | Sink: Pandas DataFrame created
2026-04-06 14:40:37 | INFO | CI | Transformation complete.
2026-04-06 14:40:37 | INFO | CI | ========================
2026-04-06 14:40:37 | INFO | CI | STAGE 04: LOAD starting...
2026-04-06 14:40:37 | INFO | CI | ========================
2026-04-06 14:40:37 | INFO | CI | SINK PATH = data\processed\beaderstadt_processed.csv
2026-04-06 14:40:37 | INFO | CI | ========================
2026-04-06 14:40:37 | INFO | CI | Pipeline executed successfully!
2026-04-06 14:40:37 | INFO | CI | ========================
2026-04-06 15:03:40 | INFO | CI | === RUN START ===
2026-04-06 15:03:40 | INFO | CI | project=Module 5: EVTL PIPELINE - WEB DOCUMENTS (HTML)
2026-04-06 15:03:40 | INFO | CI | repo_dir=nlp-05-web-documents
2026-04-06 15:03:40 | INFO | CI | python=3.14.3
2026-04-06 15:03:40 | INFO | CI | os=Windows 11
2026-04-06 15:03:40 | INFO | CI | shell=powershell
2026-04-06 15:03:40 | INFO | CI | cwd=.
2026-04-06 15:03:40 | INFO | CI | github_actions=False
2026-04-06 15:03:40 | INFO | CI | START PIPELINE
2026-04-06 15:03:40 | INFO | CI | ROOT_PATH = .
2026-04-06 15:03:40 | INFO | CI | DATA_PATH = data
2026-04-06 15:03:40 | INFO | CI | RAW_PATH = data\raw
2026-04-06 15:03:40 | INFO | CI | PROCESSED_PATH = data\processed
2026-04-06 15:03:40 | INFO | CI | ========================
2026-04-06 15:03:40 | INFO | CI | STAGE 01: EXTRACT starting... 
2026-04-06 15:03:40 | INFO | CI | ========================
2026-04-06 15:03:40 | INFO | CI | EXTRACT: Fetching HTML from https://arxiv.org/abs/2102.10056
2026-04-06 15:03:40 | INFO | CI | SOURCE URL = https://arxiv.org/abs/2102.10056
2026-04-06 15:03:40 | INFO | CI | SINK PATH = data\raw\beaderstadt_raw.html
2026-04-06 15:03:40 | INFO | CI | ========================
2026-04-06 15:03:40 | INFO | CI | STAGE 02: VALIDATE starting...
2026-04-06 15:03:40 | INFO | CI | ========================
2026-04-06 15:03:40 | INFO | CI | HTML STRUCTURE INSPECTION:
2026-04-06 15:03:40 | INFO | CI | Top-level type: BeautifulSoup
2026-04-06 15:03:40 | INFO | CI | Top-level elements: ['html']
2026-04-06 15:03:40 | INFO | CI | VALIDATE: Title found: True
2026-04-06 15:03:40 | INFO | CI | VALIDATE: Authors found: True
2026-04-06 15:03:40 | INFO | CI | VALIDATE: Abstract found: True
2026-04-06 15:03:40 | INFO | CI | VALIDATE: Subjects found: True
2026-04-06 15:03:40 | INFO | CI | VALIDATE: Dateline found: True
2026-04-06 15:03:40 | INFO | CI | VALIDATE: HTML structure is valid.
2026-04-06 15:03:40 | INFO | CI | Sink: validated BeautifulSoup object
2026-04-06 15:03:40 | INFO | CI | ========================
2026-04-06 15:03:40 | INFO | CI | STAGE 03: TRANSFORM starting...
2026-04-06 15:03:40 | INFO | CI | ========================
2026-04-06 15:03:40 | INFO | CI | Extracting metadata from HTML
2026-04-06 15:03:40 | INFO | CI | We must manually inspect the HTML structure to identify the fields we want to extract.
2026-04-06 15:03:40 | INFO | CI | For this arXiv page, we can extract:
- Title from <h1 class='title'>
- Authors from <div class='authors'>
- Abstract from <blockquote class='abstract'>
- Primary subject from <div class='subheader'>
- Submission date from <div class='dateline'>
- ArXiv ID from canonical link
2026-04-06 15:03:40 | INFO | CI | Replace any missing content with `unknown` to ensure all are strings.
2026-04-06 15:03:40 | INFO | CI | ========================
2026-04-06 15:03:40 | INFO | CI | STAGE 03a: Extract bibliographic fields (title, authors, abstract)
2026-04-06 15:03:40 | INFO | CI | ========================
2026-04-06 15:03:40 | INFO | CI | Extracted title: Molecular Contrastive Learning of Representations via Graph Neural Networks
2026-04-06 15:03:40 | INFO | CI | Extracted authors: Yuyang Wang, Jianren Wang, Zhonglin Cao, Amir Barati Farimani
2026-04-06 15:03:40 | INFO | CI | Extracted abstract: Molecular Machine Learning (ML) bears promise for efficient molecule property prediction and drug di...
2026-04-06 15:03:40 | INFO | CI | ========================
2026-04-06 15:03:40 | INFO | CI | STAGE 03b: Extract metadata field subjects from subheader
2026-04-06 15:03:40 | INFO | CI | ========================
2026-04-06 15:03:40 | INFO | CI | Extracted subjects: Computer Science > Machine Learning
2026-04-06 15:03:40 | INFO | CI | ========================
2026-04-06 15:03:40 | INFO | CI | STAGE 03c: Extract metadata field date from dateline
2026-04-06 15:03:40 | INFO | CI | ========================
2026-04-06 15:03:40 | INFO | CI | Extracted submitted: [Submitted on 19 Feb 2021 (v1), last revised 17 Jan 2022 (this version, v2)]
2026-04-06 15:03:40 | INFO | CI | ========================
2026-04-06 15:03:40 | INFO | CI | STAGE 03d: Extract metadata field arxiv_id from canonical link
2026-04-06 15:03:40 | INFO | CI | ========================
2026-04-06 15:03:40 | INFO | CI | Extracted arxiv_id: 2102.10056
2026-04-06 15:03:40 | INFO | CI | ========================
2026-04-06 15:03:40 | INFO | CI | STAGE 03e: Calculate derived fields
2026-04-06 15:03:40 | INFO | CI | ========================
2026-04-06 15:03:40 | INFO | CI | Calculated abstract word count: 183
2026-04-06 15:03:40 | INFO | CI | Top keywords: molecule, molecular, learning
2026-04-06 15:03:40 | INFO | CI | Calculated author count: 4
2026-04-06 15:03:40 | INFO | CI | Formality score: 8
2026-04-06 15:03:40 | INFO | CI | Moderate or low biomedical relevance detected
2026-04-06 15:03:40 | INFO | CI | Bio/tox relevance score: 4
2026-04-06 15:03:40 | INFO | CI | ========================
2026-04-06 15:03:40 | INFO | CI | STAGE 03f: Build record and create DataFrame
2026-04-06 15:03:40 | INFO | CI | ========================
2026-04-06 15:03:40 | INFO | CI | Created DataFrame with 1 row and 11 columns
2026-04-06 15:03:40 | INFO | CI | Columns: ['arxiv_id', 'title', 'authors', 'subjects', 'submitted', 'abstract', 'abstract_word_count', 'author_count', 'top_keywords', 'formality_score', 'bio_tox_relevance_score']
2026-04-06 15:03:40 | INFO | CI | DataFrame Details
2026-04-06 15:03:40 | INFO | CI |   Title: Molecular Contrastive Learning of Representations via Graph Neural Networks
2026-04-06 15:03:40 | INFO | CI |   Author count: 4
2026-04-06 15:03:40 | INFO | CI |   Abstract word count: 183
2026-04-06 15:03:40 | INFO | CI |   DataFrame preview:
     arxiv_id                                              title  ... formality_score bio_tox_relevance_score
0  2102.10056  Molecular Contrastive Learning of Representati...  ...               8                       4

[1 rows x 11 columns]
2026-04-06 15:03:40 | INFO | CI | Sink: Pandas DataFrame created
2026-04-06 15:03:40 | INFO | CI | Transformation complete.
2026-04-06 15:03:40 | INFO | CI | ========================
2026-04-06 15:03:40 | INFO | CI | STAGE 04: LOAD starting...
2026-04-06 15:03:40 | INFO | CI | ========================
2026-04-06 15:03:40 | INFO | CI | SINK PATH = data\processed\beaderstadt_processed.csv
2026-04-06 15:03:40 | INFO | CI | ========================
2026-04-06 15:03:40 | INFO | CI | Pipeline executed successfully!
2026-04-06 15:03:40 | INFO | CI | ========================
2026-04-06 15:06:13 | INFO | CI | === RUN START ===
2026-04-06 15:06:13 | INFO | CI | project=Module 5: EVTL PIPELINE - WEB DOCUMENTS (HTML)
2026-04-06 15:06:13 | INFO | CI | repo_dir=nlp-05-web-documents
2026-04-06 15:06:13 | INFO | CI | python=3.14.3
2026-04-06 15:06:13 | INFO | CI | os=Windows 11
2026-04-06 15:06:13 | INFO | CI | shell=powershell
2026-04-06 15:06:13 | INFO | CI | cwd=.
2026-04-06 15:06:13 | INFO | CI | github_actions=False
2026-04-06 15:06:13 | INFO | CI | START PIPELINE
2026-04-06 15:06:13 | INFO | CI | ROOT_PATH = .
2026-04-06 15:06:13 | INFO | CI | DATA_PATH = data
2026-04-06 15:06:13 | INFO | CI | RAW_PATH = data\raw
2026-04-06 15:06:13 | INFO | CI | PROCESSED_PATH = data\processed
2026-04-06 15:06:13 | INFO | CI | ========================
2026-04-06 15:06:13 | INFO | CI | STAGE 01: EXTRACT starting... 
2026-04-06 15:06:13 | INFO | CI | ========================
2026-04-06 15:06:13 | INFO | CI | EXTRACT: Fetching HTML from https://arxiv.org/abs/2102.10056
2026-04-06 15:06:13 | INFO | CI | SOURCE URL = https://arxiv.org/abs/2102.10056
2026-04-06 15:06:13 | INFO | CI | SINK PATH = data\raw\beaderstadt_raw.html
2026-04-06 15:06:13 | INFO | CI | ========================
2026-04-06 15:06:13 | INFO | CI | STAGE 02: VALIDATE starting...
2026-04-06 15:06:13 | INFO | CI | ========================
2026-04-06 15:06:13 | INFO | CI | HTML STRUCTURE INSPECTION:
2026-04-06 15:06:13 | INFO | CI | Top-level type: BeautifulSoup
2026-04-06 15:06:13 | INFO | CI | Top-level elements: ['html']
2026-04-06 15:06:13 | INFO | CI | VALIDATE: Title found: True
2026-04-06 15:06:13 | INFO | CI | VALIDATE: Authors found: True
2026-04-06 15:06:13 | INFO | CI | VALIDATE: Abstract found: True
2026-04-06 15:06:13 | INFO | CI | VALIDATE: Subjects found: True
2026-04-06 15:06:13 | INFO | CI | VALIDATE: Dateline found: True
2026-04-06 15:06:13 | INFO | CI | VALIDATE: HTML structure is valid.
2026-04-06 15:06:13 | INFO | CI | Sink: validated BeautifulSoup object
2026-04-06 15:06:13 | INFO | CI | ========================
2026-04-06 15:06:13 | INFO | CI | STAGE 03: TRANSFORM starting...
2026-04-06 15:06:13 | INFO | CI | ========================
2026-04-06 15:06:13 | INFO | CI | Extracting metadata from HTML
2026-04-06 15:06:13 | INFO | CI | We must manually inspect the HTML structure to identify the fields we want to extract.
2026-04-06 15:06:13 | INFO | CI | For this arXiv page, we can extract:
- Title from <h1 class='title'>
- Authors from <div class='authors'>
- Abstract from <blockquote class='abstract'>
- Primary subject from <div class='subheader'>
- Submission date from <div class='dateline'>
- ArXiv ID from canonical link
2026-04-06 15:06:13 | INFO | CI | Replace any missing content with `unknown` to ensure all are strings.
2026-04-06 15:06:13 | INFO | CI | ========================
2026-04-06 15:06:13 | INFO | CI | STAGE 03a: Extract bibliographic fields (title, authors, abstract)
2026-04-06 15:06:13 | INFO | CI | ========================
2026-04-06 15:06:13 | INFO | CI | Extracted title: Molecular Contrastive Learning of Representations via Graph Neural Networks
2026-04-06 15:06:13 | INFO | CI | Extracted authors: Yuyang Wang, Jianren Wang, Zhonglin Cao, Amir Barati Farimani
2026-04-06 15:06:13 | INFO | CI | Extracted abstract: Molecular Machine Learning (ML) bears promise for efficient molecule property prediction and drug di...
2026-04-06 15:06:13 | INFO | CI | ========================
2026-04-06 15:06:13 | INFO | CI | STAGE 03b: Extract metadata field subjects from subheader
2026-04-06 15:06:13 | INFO | CI | ========================
2026-04-06 15:06:13 | INFO | CI | Extracted subjects: Computer Science > Machine Learning
2026-04-06 15:06:13 | INFO | CI | ========================
2026-04-06 15:06:13 | INFO | CI | STAGE 03c: Extract metadata field date from dateline
2026-04-06 15:06:13 | INFO | CI | ========================
2026-04-06 15:06:13 | INFO | CI | Extracted submitted: [Submitted on 19 Feb 2021 (v1), last revised 17 Jan 2022 (this version, v2)]
2026-04-06 15:06:13 | INFO | CI | ========================
2026-04-06 15:06:13 | INFO | CI | STAGE 03d: Extract metadata field arxiv_id from canonical link
2026-04-06 15:06:13 | INFO | CI | ========================
2026-04-06 15:06:13 | INFO | CI | Extracted arxiv_id: 2102.10056
2026-04-06 15:06:13 | INFO | CI | ========================
2026-04-06 15:06:13 | INFO | CI | STAGE 03e: Calculate derived fields
2026-04-06 15:06:13 | INFO | CI | ========================
2026-04-06 15:06:13 | INFO | CI | Calculated abstract word count: 183
2026-04-06 15:06:13 | INFO | CI | Top keywords: molecule, molecular, learning
2026-04-06 15:06:13 | INFO | CI | Calculated author count: 4
2026-04-06 15:06:13 | INFO | CI | Formality score: 8
2026-04-06 15:06:13 | INFO | CI | Moderate or low biomedical relevance detected
2026-04-06 15:06:13 | INFO | CI | Bio/tox relevance score: 4
2026-04-06 15:06:13 | INFO | CI | TEXT BLOB SAMPLE: molecular contrastive learning of representations via graph neural networks molecular machine learning (ml) bears promise for efficient molecule property prediction and drug discovery. however, labeled molecule data can be expensive and time-consuming to acquire. due to the limited labeled data, it 
2026-04-06 15:06:13 | INFO | CI | ========================
2026-04-06 15:06:13 | INFO | CI | STAGE 03f: Build record and create DataFrame
2026-04-06 15:06:13 | INFO | CI | ========================
2026-04-06 15:06:13 | INFO | CI | Created DataFrame with 1 row and 11 columns
2026-04-06 15:06:13 | INFO | CI | Columns: ['arxiv_id', 'title', 'authors', 'subjects', 'submitted', 'abstract', 'abstract_word_count', 'author_count', 'top_keywords', 'formality_score', 'bio_tox_relevance_score']
2026-04-06 15:06:13 | INFO | CI | DataFrame Details
2026-04-06 15:06:13 | INFO | CI |   Title: Molecular Contrastive Learning of Representations via Graph Neural Networks
2026-04-06 15:06:13 | INFO | CI |   Author count: 4
2026-04-06 15:06:13 | INFO | CI |   Abstract word count: 183
2026-04-06 15:06:13 | INFO | CI |   DataFrame preview:
     arxiv_id                                              title  ... formality_score bio_tox_relevance_score
0  2102.10056  Molecular Contrastive Learning of Representati...  ...               8                       4

[1 rows x 11 columns]
2026-04-06 15:06:13 | INFO | CI | Sink: Pandas DataFrame created
2026-04-06 15:06:13 | INFO | CI | Transformation complete.
2026-04-06 15:06:13 | INFO | CI | ========================
2026-04-06 15:06:13 | INFO | CI | STAGE 04: LOAD starting...
2026-04-06 15:06:13 | INFO | CI | ========================
2026-04-06 15:06:13 | INFO | CI | SINK PATH = data\processed\beaderstadt_processed.csv
2026-04-06 15:06:13 | INFO | CI | ========================
2026-04-06 15:06:13 | INFO | CI | Pipeline executed successfully!
2026-04-06 15:06:13 | INFO | CI | ========================
2026-04-06 15:11:32 | INFO | CI | === RUN START ===
2026-04-06 15:11:32 | INFO | CI | project=Module 5: EVTL PIPELINE - WEB DOCUMENTS (HTML)
2026-04-06 15:11:32 | INFO | CI | repo_dir=nlp-05-web-documents
2026-04-06 15:11:32 | INFO | CI | python=3.14.3
2026-04-06 15:11:32 | INFO | CI | os=Windows 11
2026-04-06 15:11:32 | INFO | CI | shell=powershell
2026-04-06 15:11:32 | INFO | CI | cwd=.
2026-04-06 15:11:32 | INFO | CI | github_actions=False
2026-04-06 15:11:32 | INFO | CI | START PIPELINE
2026-04-06 15:11:32 | INFO | CI | ROOT_PATH = .
2026-04-06 15:11:32 | INFO | CI | DATA_PATH = data
2026-04-06 15:11:32 | INFO | CI | RAW_PATH = data\raw
2026-04-06 15:11:32 | INFO | CI | PROCESSED_PATH = data\processed
2026-04-06 15:11:32 | INFO | CI | ========================
2026-04-06 15:11:32 | INFO | CI | STAGE 01: EXTRACT starting... 
2026-04-06 15:11:32 | INFO | CI | ========================
2026-04-06 15:11:32 | INFO | CI | EXTRACT: Fetching HTML from https://arxiv.org/abs/2102.10056
2026-04-06 15:11:32 | INFO | CI | SOURCE URL = https://arxiv.org/abs/2102.10056
2026-04-06 15:11:32 | INFO | CI | SINK PATH = data\raw\beaderstadt_raw.html
2026-04-06 15:11:32 | INFO | CI | ========================
2026-04-06 15:11:32 | INFO | CI | STAGE 02: VALIDATE starting...
2026-04-06 15:11:32 | INFO | CI | ========================
2026-04-06 15:11:32 | INFO | CI | HTML STRUCTURE INSPECTION:
2026-04-06 15:11:32 | INFO | CI | Top-level type: BeautifulSoup
2026-04-06 15:11:32 | INFO | CI | Top-level elements: ['html']
2026-04-06 15:11:32 | INFO | CI | VALIDATE: Title found: True
2026-04-06 15:11:32 | INFO | CI | VALIDATE: Authors found: True
2026-04-06 15:11:32 | INFO | CI | VALIDATE: Abstract found: True
2026-04-06 15:11:32 | INFO | CI | VALIDATE: Subjects found: True
2026-04-06 15:11:32 | INFO | CI | VALIDATE: Dateline found: True
2026-04-06 15:11:32 | INFO | CI | VALIDATE: HTML structure is valid.
2026-04-06 15:11:32 | INFO | CI | Sink: validated BeautifulSoup object
2026-04-06 15:11:32 | INFO | CI | ========================
2026-04-06 15:11:32 | INFO | CI | STAGE 03: TRANSFORM starting...
2026-04-06 15:11:32 | INFO | CI | ========================
2026-04-06 15:11:32 | INFO | CI | Extracting metadata from HTML
2026-04-06 15:11:32 | INFO | CI | We must manually inspect the HTML structure to identify the fields we want to extract.
2026-04-06 15:11:32 | INFO | CI | For this arXiv page, we can extract:
- Title from <h1 class='title'>
- Authors from <div class='authors'>
- Abstract from <blockquote class='abstract'>
- Primary subject from <div class='subheader'>
- Submission date from <div class='dateline'>
- ArXiv ID from canonical link
2026-04-06 15:11:32 | INFO | CI | Replace any missing content with `unknown` to ensure all are strings.
2026-04-06 15:11:32 | INFO | CI | ========================
2026-04-06 15:11:32 | INFO | CI | STAGE 03a: Extract bibliographic fields (title, authors, abstract)
2026-04-06 15:11:32 | INFO | CI | ========================
2026-04-06 15:11:32 | INFO | CI | Extracted title: Molecular Contrastive Learning of Representations via Graph Neural Networks
2026-04-06 15:11:32 | INFO | CI | Extracted authors: Yuyang Wang, Jianren Wang, Zhonglin Cao, Amir Barati Farimani
2026-04-06 15:11:32 | INFO | CI | Extracted abstract: Molecular Machine Learning (ML) bears promise for efficient molecule property prediction and drug di...
2026-04-06 15:11:32 | INFO | CI | ========================
2026-04-06 15:11:32 | INFO | CI | STAGE 03b: Extract metadata field subjects from subheader
2026-04-06 15:11:32 | INFO | CI | ========================
2026-04-06 15:11:32 | INFO | CI | Extracted subjects: Computer Science > Machine Learning
2026-04-06 15:11:32 | INFO | CI | ========================
2026-04-06 15:11:32 | INFO | CI | STAGE 03c: Extract metadata field date from dateline
2026-04-06 15:11:32 | INFO | CI | ========================
2026-04-06 15:11:32 | INFO | CI | Extracted submitted: [Submitted on 19 Feb 2021 (v1), last revised 17 Jan 2022 (this version, v2)]
2026-04-06 15:11:32 | INFO | CI | ========================
2026-04-06 15:11:32 | INFO | CI | STAGE 03d: Extract metadata field arxiv_id from canonical link
2026-04-06 15:11:32 | INFO | CI | ========================
2026-04-06 15:11:32 | INFO | CI | Extracted arxiv_id: 2102.10056
2026-04-06 15:11:32 | INFO | CI | ========================
2026-04-06 15:11:32 | INFO | CI | STAGE 03e: Calculate derived fields
2026-04-06 15:11:32 | INFO | CI | ========================
2026-04-06 15:11:32 | INFO | CI | Calculated abstract word count: 183
2026-04-06 15:11:32 | INFO | CI | Top keywords: molecule, molecular, learning
2026-04-06 15:11:32 | INFO | CI | Calculated author count: 4
2026-04-06 15:11:32 | INFO | CI | Formality score: 8
2026-04-06 15:11:32 | INFO | CI | HIGH biomedical relevance detected
2026-04-06 15:11:32 | INFO | CI | Bio/tox relevance score: 10
2026-04-06 15:11:32 | INFO | CI | ========================
2026-04-06 15:11:32 | INFO | CI | STAGE 03f: Build record and create DataFrame
2026-04-06 15:11:32 | INFO | CI | ========================
2026-04-06 15:11:32 | INFO | CI | Created DataFrame with 1 row and 11 columns
2026-04-06 15:11:32 | INFO | CI | Columns: ['arxiv_id', 'title', 'authors', 'subjects', 'submitted', 'abstract', 'abstract_word_count', 'author_count', 'top_keywords', 'formality_score', 'bio_tox_relevance_score']
2026-04-06 15:11:32 | INFO | CI | DataFrame Details
2026-04-06 15:11:32 | INFO | CI |   Title: Molecular Contrastive Learning of Representations via Graph Neural Networks
2026-04-06 15:11:32 | INFO | CI |   Author count: 4
2026-04-06 15:11:32 | INFO | CI |   Abstract word count: 183
2026-04-06 15:11:32 | INFO | CI |   DataFrame preview:
     arxiv_id                                              title  ... formality_score bio_tox_relevance_score
0  2102.10056  Molecular Contrastive Learning of Representati...  ...               8                      10

[1 rows x 11 columns]
2026-04-06 15:11:32 | INFO | CI | Sink: Pandas DataFrame created
2026-04-06 15:11:32 | INFO | CI | Transformation complete.
2026-04-06 15:11:32 | INFO | CI | ========================
2026-04-06 15:11:32 | INFO | CI | STAGE 04: LOAD starting...
2026-04-06 15:11:32 | INFO | CI | ========================
2026-04-06 15:11:32 | INFO | CI | SINK PATH = data\processed\beaderstadt_processed.csv
2026-04-06 15:11:32 | INFO | CI | ========================
2026-04-06 15:11:32 | INFO | CI | Pipeline executed successfully!
2026-04-06 15:11:32 | INFO | CI | ========================
